BOT -> Oops. Something went wrong and we need to start over.
BOT -> Please select one of the below option
BOT -> Hello Welcome to ASK
BOT -> Hello Welcome to ASK
BOT -> Please select one of the below option
BOT -> You have selected "Existing Investor" 
selected is Existing Investor

BOT -> Please enter your PAN details
BOT -> Hello Welcome to ASK
BOT -> Please select one of the below option
BOT -> You have selected "Existing Investor" 
selected is Existing Investor

BOT -> Please enter your PAN details
BOT -> SEND OTP and OTP validation need to be added.
BOT -> Please choose portfolio services
BOT -> You have choosen "PortfolioInformation"
BOT -> Please choose portfolio services
BOT -> You have selected Portfolio Statement
BOT -> Please Select or Enter As on  DATE and click Submit
BOT -> I didn't understand. Please try again.
BOT -> Your selected Date is : 8/17/2021 , Would you like to 
BOT -> Please choose Output Format
BOT -> I didn't understand. Please try again.
BOT -> Please choose Expenses Selection for
BOT -> I didn't understand. Please try again.
BOT -> Please choose ROR Calculation Method for
BOT -> I didn't understand. Please try again.
BOT -> Please choose Layout for
BOT -> I didn't understand. Please try again.
BOT -> We are processing your request with reference number and this would be delivered to you soon. Thank you for your patience!
BOT -> Hello Welcome to ASK
BOT -> Please select one of the below option
BOT -> You have selected "Distributor / ASK Employee"
selected is Distributor / ASK Employee

BOT -> Please give your official Email Id
BOT -> rgudipally@techforce.ai
BOT -> over
BOT -> Hello Welcome to ASK
BOT -> Please select one of the below option
BOT -> Hello Welcome to ASK
BOT -> Please select one of the below option
BOT -> Hello Welcome to ASK
BOT -> Please select one of the below option
BOT -> Hello Welcome to ASK
BOT -> Please select one of the below option
BOT -> You have selected "Existing Investor" 
selected is Existing Investor

BOT -> Please enter your PAN details
BOT -> SEND OTP and OTP validation need to be added.
BOT -> Please choose portfolio services
BOT -> You have choosen "PortfolioInformation"
BOT -> Please choose portfolio services
BOT -> You have selected Portfolio Statement
BOT -> Please Select or Enter As on  DATE and click Submit
BOT -> I didn't understand. Please try again.
BOT -> Your selected Date is : 8/11/2021 , Would you like to 
BOT -> Hello Welcome to ASK
BOT -> Please select one of the below option
BOT -> You have selected "Existing Investor" 
selected is Existing Investor

BOT -> Please enter your PAN details
BOT -> SEND OTP and OTP validation need to be added.
BOT -> Please choose portfolio services
BOT -> You have choosen "PortfolioInformation"
BOT -> Please choose portfolio services
BOT -> You have selected Portfolio Statement
BOT -> Please Select or Enter As on  DATE and click Submit
BOT -> I didn't understand. Please try again.
BOT -> Your selected Date is : 8/10/2021 , Would you like to 
BOT -> Please choose Output Format
BOT -> I didn't understand. Please try again.
BOT -> Please choose Expenses Selection for
BOT -> I didn't understand. Please try again.
BOT -> Please choose ROR Calculation Method for
BOT -> I didn't understand. Please try again.
BOT -> Please choose Layout for
BOT -> I didn't understand. Please try again.
BOT -> We are processing your request with reference number and this would be delivered to you soon. Thank you for your patience!
BOT -> Hello Welcome to ASK
BOT -> Please select one of the below option
BOT -> You have selected "Existing Investor" 
selected is Existing Investor

BOT -> Please enter your PAN details
BOT -> SEND OTP and OTP validation need to be added.
BOT -> Please choose portfolio services
BOT -> You have choosen "PortfolioInformation"
BOT -> Please choose portfolio services
BOT -> Please choose portfolio services
BOT -> You have choosen "PortfolioInformation"
BOT -> Please choose portfolio services
BOT -> You have selected Portfolio Statement
BOT -> Please Select or Enter As on  DATE and click Submit
BOT -> I didn't understand. Please try again.
BOT -> Your selected Date is : 8/11/2021 , Would you like to 
BOT -> Please choose Output Format
BOT -> I didn't understand. Please try again.
BOT -> Please choose Expenses Selection for
BOT -> I didn't understand. Please try again.
BOT -> Please choose portfolio services
BOT -> Please choose portfolio services
BOT -> You have choosen "PortfolioInformation"
BOT -> You have selected Portfolio Statement
BOT -> Please Select or Enter As on  DATE and click Submit
BOT -> I didn't understand. Please try again.
BOT -> Your selected Date is : 8/11/2021 , Would you like to 
BOT -> Please choose Output Format
BOT -> I didn't understand. Please try again.
BOT -> Please choose Expenses Selection for
BOT -> I didn't understand. Please try again.
BOT -> Hello Welcome to ASK
BOT -> Please select one of the below option
BOT -> You have selected "Existing Investor" 
selected is Existing Investor

BOT -> Please enter your PAN details
BOT -> SEND OTP and OTP validation need to be added.
BOT -> Please choose portfolio services
BOT -> You have choosen "PortfolioInformation"
BOT -> Please choose portfolio services
BOT -> You have selected Portfolio Statement
BOT -> Please Select or Enter As on  DATE and click Submit
BOT -> I didn't understand. Please try again.
BOT -> Your selected Date is : 8/17/2021 , Would you like to 
BOT -> Please Select or Enter As on  DATE and click Submit
BOT -> I didn't understand. Please try again.
BOT -> Your selected Date is : 8/13/2021 , Would you like to 
BOT -> Hello Welcome to ASK
BOT -> Please select one of the below option
BOT -> Hello Welcome to ASK
BOT -> Please select one of the below option
BOT -> Hello Welcome to ASK
BOT -> Please select one of the below option
BOT -> You have selected "Existing Investor" 
selected is Existing Investor

BOT -> Please enter your PAN details
BOT -> SEND OTP and OTP validation need to be added.
BOT -> Please choose portfolio services
BOT -> You have choosen "PortfolioInformation"
BOT -> Please choose portfolio services
BOT -> Hello Welcome to ASK
BOT -> Please select one of the below option
BOT -> You have selected "Existing Investor" 
selected is Existing Investor

BOT -> Please enter your PAN details
BOT -> SEND OTP and OTP validation need to be added.
BOT -> Please choose portfolio services
BOT -> You have choosen "PortfolioInformation"
BOT -> Please choose portfolio services
BOT -> You have selected Portfolio Statement
BOT -> Please Select or Enter As on  DATE and click Submit
BOT -> I didn't understand. Please try again.
BOT -> Your selected Date is : 8/18/2021 , Would you like to 
BOT -> Hello Welcome to ASK
BOT -> Please select one of the below option
BOT -> You have selected "Existing Investor" 
selected is Existing Investor

BOT -> Please enter your PAN details
BOT -> SEND OTP and OTP validation need to be added.
BOT -> Please choose portfolio services
BOT -> You have choosen "PortfolioInformation"
BOT -> Please choose portfolio services
BOT -> You have selected Portfolio Statement
BOT -> Please Select or Enter As on  DATE and click Submit
BOT -> I didn't understand. Please try again.
BOT -> Your selected Date is : 8/17/2021 , Would you like to 
BOT -> Please select one of the below option
BOT -> Hello Welcome to ASK
BOT -> You have selected "Existing Investor" 
selected is Existing Investor

BOT -> Please enter your PAN details
BOT -> SEND OTP and OTP validation need to be added.
BOT -> Please choose portfolio services
BOT -> You have choosen "PortfolioInformation"
BOT -> Please choose portfolio services
BOT -> You have selected Portfolio Statement
BOT -> Please Select or Enter As on  DATE and click Submit
BOT -> I didn't understand. Please try again.
BOT -> Your selected Date is : 8/17/2021 , Would you like to 
BOT -> Hello Welcome to ASK
BOT -> Please select one of the below option
BOT -> You have selected "Existing Investor" 
selected is Existing Investor

BOT -> Please enter your PAN details
BOT -> SEND OTP and OTP validation need to be added.
BOT -> Please choose portfolio services
BOT -> You have choosen "PortfolioInformation"
BOT -> Please choose portfolio services
BOT -> You have selected Portfolio Statement
BOT -> Please Select or Enter As on  DATE and click Submit
BOT -> I didn't understand. Please try again.
BOT -> Your selected Date is : 8/17/2021 , Would you like to 
BOT -> Hello Welcome to ASK
BOT -> Please select one of the below option
BOT -> You have selected "Existing Investor" 
selected is Existing Investor

BOT -> Please enter your PAN details
BOT -> SEND OTP and OTP validation need to be added.
BOT -> Please choose portfolio services
BOT -> You have choosen "PortfolioInformation"
BOT -> Please choose portfolio services
BOT -> You have selected Portfolio Statement
BOT -> Please Select or Enter As on  DATE and click Submit
BOT -> I didn't understand. Please try again.
BOT -> Your selected Date is : 8/17/2021 , Would you like to 
BOT -> a
BOT -> Please choose portfolio services
BOT -> You have selected Portfolio Statement
BOT -> Please Select or Enter As on  DATE and click Submit
BOT -> I didn't understand. Please try again.
BOT -> Your selected Date is : 8/17/2021 , Would you like to 
BOT -> a
BOT -> Please choose portfolio services
BOT -> You have selected Financial Reports
BOT -> Hello Welcome to ASK
BOT -> Please select one of the below option
BOT -> You have selected "Existing Investor" 
selected is Existing Investor

BOT -> Please enter your PAN details
BOT -> SEND OTP and OTP validation need to be added.
BOT -> Please choose portfolio services
BOT -> You have choosen "PortfolioInformation"
BOT -> Please choose portfolio services
BOT -> You have selected Portfolio Statement
BOT -> Please Select or Enter As on  DATE and click Submit
BOT -> I didn't understand. Please try again.
BOT -> Your selected Date is : 8/17/2021 , Would you like to 
BOT -> Please choose Output Format
BOT -> I didn't understand. Please try again.
BOT -> Please choose Expenses Selection for
BOT -> I didn't understand. Please try again.
BOT -> Please choose ROR Calculation Method for
BOT -> I didn't understand. Please try again.
BOT -> Please choose Layout for
BOT -> I didn't understand. Please try again.
BOT -> We are processing your request with reference number and this would be delivered to you soon. Thank you for your patience!
BOT -> Hello Welcome to ASK
BOT -> Please select one of the below option
BOT -> You have selected "Existing Investor" 
selected is Existing Investor

BOT -> Please enter your PAN details
BOT -> SEND OTP and OTP validation need to be added.
BOT -> Please choose portfolio services
BOT -> You have choosen "PortfolioInformation"
BOT -> Please choose portfolio services
BOT -> You have selected Portfolio Statement
BOT -> Please Select or Enter As on  DATE and click Submit
BOT -> I didn't understand. Please try again.
BOT -> Your selected Date is : 8/18/2021 , Would you like to 
BOT -> Please choose Output Format
BOT -> I didn't understand. Please try again.
BOT -> Please choose Expenses Selection for
BOT -> I didn't understand. Please try again.
BOT -> Please choose ROR Calculation Method for
BOT -> I didn't understand. Please try again.
BOT -> Please choose Layout for
BOT -> I didn't understand. Please try again.
BOT -> We are processing your request with reference number and this would be delivered to you soon. Thank you for your patience!
BOT -> please download
BOT -> I didn't understand. Please try again.
BOT -> File Download Confirmation
BOT -> Hello Welcome to ASK
BOT -> Please select one of the below option
BOT -> You have selected "Existing Investor" 
selected is Existing Investor

BOT -> Please enter your PAN details
BOT -> SEND OTP and OTP validation need to be added.
BOT -> Please choose portfolio services
BOT -> You have choosen "PortfolioInformation"
BOT -> Please choose portfolio services
BOT -> You have selected Portfolio Statement
BOT -> Please Select or Enter As on  DATE and click Submit
BOT -> I didn't understand. Please try again.
BOT -> Your selected Date is : 8/17/2021 , Would you like to 
BOT -> Please choose Output Format
BOT -> I didn't understand. Please try again.
BOT -> Please choose Expenses Selection for
BOT -> I didn't understand. Please try again.
BOT -> Please choose ROR Calculation Method for
BOT -> I didn't understand. Please try again.
BOT -> Please choose Layout for
BOT -> I didn't understand. Please try again.
BOT -> We are processing your request with reference number and this would be delivered to you soon. Thank you for your patience!
BOT -> please download
BOT -> I didn't understand. Please try again.
BOT -> File Download Confirmation
BOT -> Hello Welcome to ASK
BOT -> Please select one of the below option
BOT -> You have selected "Existing Investor" 
selected is Existing Investor

BOT -> Please enter your PAN details
BOT -> SEND OTP and OTP validation need to be added.
BOT -> Please choose portfolio services
BOT -> You have choosen "PortfolioInformation"
BOT -> Please choose portfolio services
BOT -> You have selected Portfolio Statement
BOT -> Please Select or Enter As on  DATE and click Submit
BOT -> I didn't understand. Please try again.
BOT -> Your selected Date is : 8/17/2021 , Would you like to 
BOT -> Please choose portfolio services
BOT -> You have selected Portfolio Statement
BOT -> Please Select or Enter As on  DATE and click Submit
BOT -> I didn't understand. Please try again.
BOT -> Your selected Date is : 8/17/2021 , Would you like to 
BOT -> Please choose portfolio services
BOT -> You have selected Portfolio Statement
BOT -> Please Select or Enter As on  DATE and click Submit
BOT -> I didn't understand. Please try again.
BOT -> Your selected Date is : 8/17/2021 , Would you like to 
BOT -> Please choose portfolio services
BOT -> You have selected Portfolio Statement
BOT -> Please Select or Enter As on  DATE and click Submit
BOT -> I didn't understand. Please try again.
BOT -> Your selected Date is : 8/18/2021 , Would you like to 
BOT -> Oops. Something went wrong and we need to start over.
BOT -> Hello Welcome to ASK
BOT -> Please select one of the below option
BOT -> You have selected "Existing Investor" 
selected is Existing Investor

BOT -> Please enter your PAN details
BOT -> SEND OTP and OTP validation need to be added.
BOT -> Please choose portfolio services
BOT -> You have choosen "PortfolioInformation"
BOT -> Please choose portfolio services
BOT -> You have selected Portfolio Statement
BOT -> Please Select or Enter As on  DATE and click Submit
BOT -> I didn't understand. Please try again.
BOT -> Your selected Date is : 8/17/2021 , Would you like to 
BOT -> Please choose Output Format
BOT -> I didn't understand. Please try again.
BOT -> Please choose Expenses Selection for
BOT -> I didn't understand. Please try again.
BOT -> Please choose ROR Calculation Method for
BOT -> I didn't understand. Please try again.
BOT -> Please choose Layout for
BOT -> I didn't understand. Please try again.
BOT -> We are processing your request with reference number and this would be delivered to you soon. Thank you for your patience!
BOT -> please download
BOT -> I didn't understand. Please try again.
BOT -> File Download Confirmation
BOT -> Hello Welcome to ASK
BOT -> Please select one of the below option
BOT -> You have selected "Existing Investor" 
selected is Existing Investor

BOT -> Please enter your PAN details
BOT -> SEND OTP and OTP validation need to be added.
BOT -> Please choose portfolio services
BOT -> You have choosen "PortfolioInformation"
BOT -> Please choose portfolio services
BOT -> You have selected Portfolio Statement
BOT -> Please Select or Enter As on  DATE and click Submit
BOT -> I didn't understand. Please try again.
BOT -> Your selected Date is : 8/18/2021 , Would you like to 
BOT -> Please choose Output Format
BOT -> I didn't understand. Please try again.
BOT -> Please choose Expenses Selection for
BOT -> I didn't understand. Please try again.
BOT -> Please choose ROR Calculation Method for
BOT -> I didn't understand. Please try again.
BOT -> Please choose Layout for
BOT -> I didn't understand. Please try again.
BOT -> We are processing your request with reference number and this would be delivered to you soon. Thank you for your patience!
BOT -> Hello Welcome to ASK
BOT -> Please select one of the below option
BOT -> Hello Welcome to ASK
BOT -> Please select one of the below option
BOT -> You have selected "Existing Investor" 
selected is Existing Investor

BOT -> Please enter your PAN details
BOT -> SEND OTP and OTP validation need to be added.
BOT -> Please choose portfolio services
BOT -> You have choosen "PortfolioInformation"
BOT -> Please choose portfolio services
BOT -> You have selected Portfolio Statement
BOT -> Please Select or Enter As on  DATE and click Submit
BOT -> I didn't understand. Please try again.
BOT -> Your selected Date is : 8/18/2021 , Would you like to 
BOT -> You have choosen "PortfolioInformation"
BOT -> Please choose portfolio services
BOT -> You have selected Portfolio Statement
BOT -> Please Select or Enter As on  DATE and click Submit
BOT -> I didn't understand. Please try again.
BOT -> Your selected Date is : 8/18/2021 , Would you like to 
BOT -> Please choose Output Format
BOT -> I didn't understand. Please try again.
BOT -> Please choose Expenses Selection for
BOT -> I didn't understand. Please try again.
BOT -> Please choose ROR Calculation Method for
BOT -> I didn't understand. Please try again.
BOT -> Please choose Layout for
BOT -> I didn't understand. Please try again.
BOT -> We are processing your request with reference number and this would be delivered to you soon. Thank you for your patience!
BOT -> please download
BOT -> I didn't understand. Please try again.
BOT -> File Download Confirmation
BOT -> Hello Welcome to ASK
BOT -> Please select one of the below option
BOT -> You have selected "Existing Investor" 
selected is Existing Investor

BOT -> Please enter your PAN details
BOT -> SEND OTP and OTP validation need to be added.
BOT -> Please choose portfolio services
BOT -> You have choosen "PortfolioInformation"
BOT -> Please choose portfolio services
BOT -> Hello
BOT -> welcome
BOT -> Please enter your
BOT -> Hello
BOT -> welcome
BOT -> Please enter your
BOT -> I didn't understand. Please try again.
BOT -> Hello
BOT -> welcome
BOT -> Please enter your
BOT -> I didn't understand. Please try again.
BOT -> ok thank you
BOT -> Oops. Something went wrong and we need to start over.
BOT -> Hello Welcome to ASK
BOT -> Please select one of the below option
BOT -> You have selected "Existing Investor" 
selected is Existing Investor

BOT -> Please enter your PAN details
BOT -> SEND OTP and OTP validation need to be added.
BOT -> Please choose portfolio services
BOT -> You have choosen "PortfolioInformation"
BOT -> Please choose portfolio services
BOT -> Hello Welcome to ASK
BOT -> Please select one of the below option
BOT -> You have selected "Existing Investor" 
selected is Existing Investor

BOT -> Please enter your PAN details
BOT -> SEND OTP and OTP validation need to be added.
BOT -> Please choose portfolio services
BOT -> You have choosen "PortfolioInformation"
BOT -> Please choose portfolio services
BOT -> You have selected Portfolio Statement
BOT -> Please Select or Enter As on  DATE and click Submit
BOT -> I didn't understand. Please try again.
BOT -> Your selected Date is : 8/17/2021 , Would you like to 
BOT -> Please choose Output Format
BOT -> I didn't understand. Please try again.
BOT -> Please choose Expenses Selection for
BOT -> I didn't understand. Please try again.
BOT -> Please choose ROR Calculation Method for
BOT -> I didn't understand. Please try again.
BOT -> Please choose Layout for
BOT -> I didn't understand. Please try again.
BOT -> We are processing your request with reference number and this would be delivered to you soon. Thank you for your patience!
BOT -> please download
BOT -> I didn't understand. Please try again.
BOT -> File Download Confirmation
BOT -> Hello Welcome to ASK
BOT -> Please select one of the below option
BOT -> You have selected "Existing Investor" 
selected is Existing Investor

BOT -> Please enter your PAN details
BOT -> SEND OTP and OTP validation need to be added.
BOT -> Please choose portfolio services
BOT -> You have choosen "PortfolioInformation"
BOT -> Please choose portfolio services
BOT -> You have selected Portfolio Statement
BOT -> Please Select or Enter As on  DATE and click Submit
BOT -> I didn't understand. Please try again.
BOT -> Your selected Date is : 8/18/2021 , Would you like to 
BOT -> Please choose Output Format
BOT -> I didn't understand. Please try again.
BOT -> Please choose Expenses Selection for
BOT -> I didn't understand. Please try again.
BOT -> Please choose ROR Calculation Method for
BOT -> I didn't understand. Please try again.
BOT -> Please choose Layout for
BOT -> I didn't understand. Please try again.
BOT -> We are processing your request with reference number and this would be delivered to you soon. Thank you for your patience!
BOT -> Hello Welcome to ASK
BOT -> Please select one of the below option
BOT -> You have selected "Existing Investor" 
selected is Existing Investor

BOT -> Please enter your PAN details
BOT -> SEND OTP and OTP validation need to be added.
BOT -> Please choose portfolio services
BOT -> You have choosen "PortfolioInformation"
BOT -> Please choose portfolio services
BOT -> You have selected Portfolio Statement
BOT -> Please Select or Enter As on  DATE and click Submit
BOT -> I didn't understand. Please try again.
BOT -> Your selected Date is : 8/18/2021 , Would you like to 
BOT -> Please choose Output Format
BOT -> I didn't understand. Please try again.
BOT -> Please choose Expenses Selection for
BOT -> I didn't understand. Please try again.
BOT -> Please choose ROR Calculation Method for
BOT -> I didn't understand. Please try again.
BOT -> Please choose Layout for
BOT -> I didn't understand. Please try again.
BOT -> We are processing your request with reference number and this would be delivered to you soon. Thank you for your patience!
BOT -> Hello Welcome to ASK
BOT -> Please select one of the below option
BOT -> Hello Welcome to ASK
BOT -> Please select one of the below option
BOT -> You have selected "Existing Investor" 
selected is Existing Investor

BOT -> Please enter your PAN details
BOT -> SEND OTP and OTP validation need to be added.
BOT -> Please choose portfolio services
BOT -> You have choosen "PortfolioInformation"
BOT -> Please choose portfolio services
BOT -> You have selected Financial Reports
BOT -> Hello Welcome to ASK
BOT -> Please select one of the below option
BOT -> Hello Welcome to ASK
BOT -> Please select one of the below option
BOT -> You have selected  Distributor / ASK Employee

BOT -> Please give your official Email Id
BOT -> Invalid Email Id
BOT -> Please give your official Email Id
BOT -> Hello Welcome to ASK
BOT -> Please select one of the below option
BOT -> You have selected  Distributor / ASK Employee

BOT -> Please give your official Email Id
BOT -> Hello Welcome to ASK
BOT -> Please select one of the below option
BOT -> You have selected  Distributor / ASK Employee

BOT -> Please give your official Email Id
BOT -> Hello Welcome to ASK
BOT -> Please select one of the below option
BOT -> You have selected "Existing Investor" 
selected is Existing Investor

BOT -> Please enter your PAN details
BOT -> SEND OTP and OTP validation need to be added.
BOT -> Please choose portfolio services
BOT -> Hello
BOT -> welcome
BOT -> Please enter your
BOT -> Hello
BOT -> welcome
BOT -> Please enter your
BOT -> I didn't understand. Please try again.
BOT -> ok thank you
BOT -> Please select BO code.
BOT -> Hello
BOT -> welcome
BOT -> Please enter your
BOT -> I didn't understand. Please try again.
BOT -> ok thank you
BOT -> Please select BO code.
BOT -> I didn't understand. Please try again.
BOT -> wait
BOT -> Hello
BOT -> welcome
BOT -> Please enter your
BOT -> I didn't understand. Please try again.
BOT -> ok thank you
BOT -> Please select BO code.
BOT -> Hello
BOT -> welcome
BOT -> Please enter your
BOT -> I didn't understand. Please try again.
BOT -> ok thank you
BOT -> Please select BO code.
BOT -> Hello
BOT -> welcome
BOT -> Please enter your
BOT -> I didn't understand. Please try again.
BOT -> ok thank you
BOT -> Please select BO code.
BOT -> I didn't understand. Please try again.
BOT -> wait
BOT -> Hello Welcome to ASK
BOT -> Please select one of the below option
BOT -> You have selected  Distributor / ASK Employee

BOT -> Please give your official Email Id
BOT -> Hello Welcome to ASK
BOT -> Please select one of the below option
BOT -> You have selected  Distributor / ASK Employee

BOT -> Please give your official Email Id
BOT -> Hello Welcome to ASK
BOT -> Please select one of the below option
BOT -> You have selected  Distributor / ASK Employee

BOT -> Please give your official Email Id
BOT -> Hello Welcome to ASK
BOT -> Please select one of the below option
BOT -> You have selected  Distributor / ASK Employee

BOT -> Please give your official Email Id
BOT -> Hello Welcome to ASK
BOT -> Please select one of the below option
BOT -> Hello Welcome to ASK
BOT -> Please select one of the below option
BOT -> Please enter your PAN details
BOT -> You have selected "Existing Investor" 
selected is Existing Investor

BOT -> Hello Welcome to ASK
BOT -> Please select one of the below option
BOT -> Hello Welcome to ASK
BOT -> Please select one of the below option
BOT -> You have selected  Distributor / ASK Employee

BOT -> Please give your official Email Id
BOT -> Hello Welcome to ASK
BOT -> Please select one of the below option
BOT -> You have selected  Distributor / ASK Employee

BOT -> Please give your official Email Id
BOT -> Hello Welcome to ASK
BOT -> Please select one of the below option
BOT -> You have selected  Distributor / ASK Employee

BOT -> Please give your official Email Id
BOT -> Hello Welcome to ASK
BOT -> Please select one of the below option
BOT -> You have selected  Distributor / ASK Employee

BOT -> Please give your official Email Id
BOT -> Hello Welcome to ASK
BOT -> Please select one of the below option
BOT -> You have selected  Distributor / ASK Employee

BOT -> Please give your official Email Id
BOT -> Hello Welcome to ASK
BOT -> Please select one of the below option
BOT -> You have selected  Distributor / ASK Employee

BOT -> Please give your official Email Id
